[0m15:06:03.469500 [debug] [MainThread]: Sending event: {'category': 'dbt', 'action': 'invocation', 'label': 'start', 'context': [<snowplow_tracker.self_describing_json.SelfDescribingJson object at 0x000001B33B5D33E0>, <snowplow_tracker.self_describing_json.SelfDescribingJson object at 0x000001B33DE51E20>, <snowplow_tracker.self_describing_json.SelfDescribingJson object at 0x000001B33DE53470>]}


============================== 15:06:03.475496 | d8d4a02d-57b1-4350-9eb4-6b9dddd7cee2 ==============================
[0m15:06:03.475496 [info ] [MainThread]: Running with dbt=1.8.2
[0m15:06:03.476463 [debug] [MainThread]: running dbt with arguments {'printer_width': '80', 'indirect_selection': 'eager', 'log_cache_events': 'False', 'write_json': 'True', 'partial_parse': 'True', 'cache_selected_only': 'False', 'warn_error': 'None', 'fail_fast': 'False', 'version_check': 'True', 'log_path': 'logs', 'debug': 'False', 'profiles_dir': 'C:\\Users\\rober\\.dbt', 'use_colors': 'True', 'use_experimental_parser': 'False', 'no_print': 'None', 'quiet': 'False', 'warn_error_options': 'WarnErrorOptions(include=[], exclude=[])', 'invocation_command': 'dbt init', 'introspect': 'True', 'log_format': 'default', 'target_path': 'None', 'static_parser': 'True', 'send_anonymous_usage_stats': 'True'}
[0m15:06:32.703186 [debug] [MainThread]: Starter project path: C:\Users\rober\OneDrive\Documents\python_tutorial\snowflake_practice\snowflake_practice_venv\Lib\site-packages\dbt\include\starter_project
[0m15:06:32.728378 [info ] [MainThread]: 
Your new dbt project "snowflakeTranformPractice" was created!

For more information on how to configure the profiles.yml file,
please consult the dbt documentation here:

  https://docs.getdbt.com/docs/configure-your-profile

One more thing:

Need help? Don't hesitate to reach out to us via GitHub issues or on Slack:

  https://community.getdbt.com/

Happy modeling!

[0m15:06:32.729379 [info ] [MainThread]: Setting up your profile.
[0m15:08:37.361899 [info ] [MainThread]: Profile snowflakeTranformPractice written to C:\Users\rober\.dbt\profiles.yml using target's profile_template.yml and your supplied values. Run 'dbt debug' to validate the connection.
[0m15:08:37.375003 [debug] [MainThread]: Command `dbt init` succeeded at 15:08:37.373001 after 154.05 seconds
[0m15:08:37.378526 [debug] [MainThread]: Sending event: {'category': 'dbt', 'action': 'invocation', 'label': 'end', 'context': [<snowplow_tracker.self_describing_json.SelfDescribingJson object at 0x000001B33DAC7BC0>, <snowplow_tracker.self_describing_json.SelfDescribingJson object at 0x000001B33F2CC110>, <snowplow_tracker.self_describing_json.SelfDescribingJson object at 0x000001B33F206D80>]}
[0m15:08:37.380650 [debug] [MainThread]: Flushing usage events
[0m15:09:13.968699 [debug] [MainThread]: Sending event: {'category': 'dbt', 'action': 'invocation', 'label': 'start', 'context': [<snowplow_tracker.self_describing_json.SelfDescribingJson object at 0x00000219C732E210>, <snowplow_tracker.self_describing_json.SelfDescribingJson object at 0x00000219C6AC5BE0>, <snowplow_tracker.self_describing_json.SelfDescribingJson object at 0x00000219C6F0FD70>]}


============================== 15:09:13.976680 | 71edffbd-a024-439a-a0e1-287051c1ae02 ==============================
[0m15:09:13.976680 [info ] [MainThread]: Running with dbt=1.8.2
[0m15:09:13.977743 [debug] [MainThread]: running dbt with arguments {'printer_width': '80', 'indirect_selection': 'eager', 'log_cache_events': 'False', 'write_json': 'True', 'partial_parse': 'True', 'cache_selected_only': 'False', 'warn_error': 'None', 'fail_fast': 'False', 'profiles_dir': 'C:\\Users\\rober\\.dbt', 'log_path': 'logs', 'debug': 'False', 'version_check': 'True', 'use_colors': 'True', 'use_experimental_parser': 'False', 'no_print': 'None', 'quiet': 'False', 'log_format': 'default', 'invocation_command': 'dbt debug', 'warn_error_options': 'WarnErrorOptions(include=[], exclude=[])', 'introspect': 'True', 'target_path': 'None', 'static_parser': 'True', 'send_anonymous_usage_stats': 'True'}
[0m15:09:14.020186 [info ] [MainThread]: dbt version: 1.8.2
[0m15:09:14.021213 [info ] [MainThread]: python version: 3.12.1
[0m15:09:14.021213 [info ] [MainThread]: python path: C:\Users\rober\OneDrive\Documents\python_tutorial\snowflake_practice\snowflake_practice_venv\Scripts\python.exe
[0m15:09:14.022186 [info ] [MainThread]: os info: Windows-11-10.0.22631-SP0
[0m15:09:14.771994 [info ] [MainThread]: Error importing adapter: No module named 'dbt.adapters.bigquery'
[0m15:09:14.780496 [info ] [MainThread]: Using profiles dir at C:\Users\rober\.dbt
[0m15:09:14.781497 [info ] [MainThread]: Using profiles.yml file at C:\Users\rober\.dbt\profiles.yml
[0m15:09:14.782496 [info ] [MainThread]: Using dbt_project.yml file at C:\Users\rober\OneDrive\Documents\python_tutorial\snowflake_practice\dbt_project.yml
[0m15:09:14.783380 [info ] [MainThread]: Configuration:
[0m15:09:14.783380 [info ] [MainThread]:   profiles.yml file [[31mERROR invalid[0m]
[0m15:09:14.784959 [info ] [MainThread]:   dbt_project.yml file [[31mERROR not found[0m]
[0m15:09:14.785970 [info ] [MainThread]: Required dependencies:
[0m15:09:14.785970 [debug] [MainThread]: Executing "git --help"
[0m15:09:14.838610 [debug] [MainThread]: STDOUT: "b"usage: git [-v | --version] [-h | --help] [-C <path>] [-c <name>=<value>]\n           [--exec-path[=<path>]] [--html-path] [--man-path] [--info-path]\n           [-p | --paginate | -P | --no-pager] [--no-replace-objects] [--bare]\n           [--git-dir=<path>] [--work-tree=<path>] [--namespace=<name>]\n           [--config-env=<name>=<envvar>] <command> [<args>]\n\nThese are common Git commands used in various situations:\n\nstart a working area (see also: git help tutorial)\n   clone     Clone a repository into a new directory\n   init      Create an empty Git repository or reinitialize an existing one\n\nwork on the current change (see also: git help everyday)\n   add       Add file contents to the index\n   mv        Move or rename a file, a directory, or a symlink\n   restore   Restore working tree files\n   rm        Remove files from the working tree and from the index\n\nexamine the history and state (see also: git help revisions)\n   bisect    Use binary search to find the commit that introduced a bug\n   diff      Show changes between commits, commit and working tree, etc\n   grep      Print lines matching a pattern\n   log       Show commit logs\n   show      Show various types of objects\n   status    Show the working tree status\n\ngrow, mark and tweak your common history\n   branch    List, create, or delete branches\n   commit    Record changes to the repository\n   merge     Join two or more development histories together\n   rebase    Reapply commits on top of another base tip\n   reset     Reset current HEAD to the specified state\n   switch    Switch branches\n   tag       Create, list, delete or verify a tag object signed with GPG\n\ncollaborate (see also: git help workflows)\n   fetch     Download objects and refs from another repository\n   pull      Fetch from and integrate with another repository or a local branch\n   push      Update remote refs along with associated objects\n\n'git help -a' and 'git help -g' list available subcommands and some\nconcept guides. See 'git help <command>' or 'git help <concept>'\nto read about a specific subcommand or concept.\nSee 'git help git' for an overview of the system.\n""
[0m15:09:14.839618 [debug] [MainThread]: STDERR: "b''"
[0m15:09:14.840617 [info ] [MainThread]:  - git [[32mOK found[0m]

[0m15:09:14.840617 [info ] [MainThread]: Connection test skipped since no profile was found
[0m15:09:14.841618 [info ] [MainThread]: [31m2 checks failed:[0m
[0m15:09:14.842617 [info ] [MainThread]: Could not load dbt_project.yml
Profile loading failed for the following reason:
Runtime Error
  Credentials in profile "danosejaffleshop", target "dev" invalid: Runtime Error
    Could not find adapter type bigquery!


[0m15:09:14.844619 [info ] [MainThread]: Project loading failed for the following reason:
 project path <C:\Users\rober\OneDrive\Documents\python_tutorial\snowflake_practice\dbt_project.yml> not found

[0m15:09:14.846620 [debug] [MainThread]: Command `dbt debug` failed at 15:09:14.846620 after 1.06 seconds
[0m15:09:14.848062 [debug] [MainThread]: Sending event: {'category': 'dbt', 'action': 'invocation', 'label': 'end', 'context': [<snowplow_tracker.self_describing_json.SelfDescribingJson object at 0x00000219C68FC5F0>, <snowplow_tracker.self_describing_json.SelfDescribingJson object at 0x00000219C732E210>, <snowplow_tracker.self_describing_json.SelfDescribingJson object at 0x00000219C7220C50>]}
[0m15:09:14.849060 [debug] [MainThread]: Flushing usage events
